This file contains any messages produced by compilers while
running configure, to aid debugging if configure makes a mistake.

It was created by Loris configure 1.8, which was
generated by GNU Autoconf 2.63.  Invocation command line was

  $ ./configure --bindir=/Users/manuel/Github/loris/scripts CPPFLAGS=-I/usr/local/Cellar/python@3.10/3.10.2/Frameworks/Python.framework/Headers

## --------- ##
## Platform. ##
## --------- ##

hostname = MacBook-Pro-de-manuelgaulhiac.local
uname -m = x86_64
uname -r = 18.7.0
uname -s = Darwin
uname -v = Darwin Kernel Version 18.7.0: Tue Jun 22 19:37:08 PDT 2021; root:xnu-4903.278.70~1/RELEASE_X86_64

/usr/bin/uname -p = i386
/bin/uname -X     = unknown

/bin/arch              = unknown
/usr/bin/arch -k       = unknown
/usr/convex/getsysinfo = unknown
/usr/bin/hostinfo      = Mach kernel version:
	 Darwin Kernel Version 18.7.0: Tue Jun 22 19:37:08 PDT 2021; root:xnu-4903.278.70~1/RELEASE_X86_64
Kernel configured for up to 8 processors.
4 processors are physically available.
8 processors are logically available.
Processor type: i486 (Intel 80486)
Processors active: 0 1 2 3 4 5 6 7
Primary memory available: 16.00 gigabytes
Default processor set: 538 tasks, 3271 threads, 8 processors
Load average: 3.61, Mach factor: 4.96
/bin/machine           = unknown
/usr/bin/oslevel       = unknown
/bin/universe          = unknown

PATH: /usr/local/sbin
PATH: /usr/local/share
PATH: /usr/local/opt/llvm/bin
PATH: /usr/local/opt/openssl/bin
PATH: /Users/manuel/bin
PATH: /usr/local/bin
PATH: /Library/Frameworks/Python.framework/Versions/3.10/bin
PATH: /opt/local/bin
PATH: /opt/local/sbin
PATH: /usr/local/bin
PATH: /usr/bin
PATH: /bin
PATH: /usr/sbin
PATH: /sbin
PATH: /Library/TeX/texbin
PATH: /Users/manuel/ExpressiveE/Synthlab-DSP/FAUST/generated/osx/bin
PATH: /Users/manuel/ExpressiveE/Synthlab-DSP/sl-faust/tools


## ----------- ##
## Core tests. ##
## ----------- ##

configure:2145: checking for a BSD-compatible install
configure:2213: result: /usr/bin/install -c
configure:2224: checking whether build environment is sane
configure:2284: result: yes
configure:2425: checking for a thread-safe mkdir -p
configure:2464: result: config/install-sh -c -d
configure:2477: checking for gawk
configure:2507: result: no
configure:2477: checking for mawk
configure:2507: result: no
configure:2477: checking for nawk
configure:2507: result: no
configure:2477: checking for awk
configure:2493: found /usr/bin/awk
configure:2504: result: awk
configure:2515: checking whether make sets $(MAKE)
configure:2537: result: yes
configure:2625: result: ----- Package Name And Version -----
configure:2628: result: this is Loris 1.8
configure:2644: result: ----- Program Checks -----
configure:2704: checking for g++
configure:2720: found /usr/bin/g++
configure:2731: result: g++
configure:2758: checking for C++ compiler version
configure:2766: g++ --version >&5
Configured with: --prefix=/Library/Developer/CommandLineTools/usr --with-gxx-include-dir=/Library/Developer/CommandLineTools/SDKs/MacOSX.sdk/usr/include/c++/4.2.1
Apple LLVM version 10.0.1 (clang-1001.0.46.4)
Target: x86_64-apple-darwin18.7.0
Thread model: posix
InstalledDir: /Library/Developer/CommandLineTools/usr/bin
configure:2770: $? = 0
configure:2777: g++ -v >&5
Configured with: --prefix=/Library/Developer/CommandLineTools/usr --with-gxx-include-dir=/Library/Developer/CommandLineTools/SDKs/MacOSX.sdk/usr/include/c++/4.2.1
Apple LLVM version 10.0.1 (clang-1001.0.46.4)
Target: x86_64-apple-darwin18.7.0
Thread model: posix
InstalledDir: /Library/Developer/CommandLineTools/usr/bin
configure:2781: $? = 0
configure:2788: g++ -V >&5
clang: error: unsupported option '-V -Wno-atomic-implicit-seq-cst'
clang: error: no input files
configure:2792: $? = 1
configure:2815: checking for C++ compiler default output file name
configure:2837: g++  -I/usr/local/Cellar/python@3.10/3.10.2/Frameworks/Python.framework/Headers  conftest.cpp  >&5
configure:2841: $? = 0
configure:2879: result: a.out
configure:2898: checking whether the C++ compiler works
configure:2908: ./a.out
configure:2912: $? = 0
configure:2931: result: yes
configure:2938: checking whether we are cross compiling
configure:2940: result: no
configure:2943: checking for suffix of executables
configure:2950: g++ -o conftest  -I/usr/local/Cellar/python@3.10/3.10.2/Frameworks/Python.framework/Headers  conftest.cpp  >&5
configure:2954: $? = 0
configure:2980: result: 
configure:2986: checking for suffix of object files
configure:3012: g++ -c  -I/usr/local/Cellar/python@3.10/3.10.2/Frameworks/Python.framework/Headers conftest.cpp >&5
configure:3016: $? = 0
configure:3041: result: o
configure:3045: checking whether we are using the GNU C++ compiler
configure:3074: g++ -c  -I/usr/local/Cellar/python@3.10/3.10.2/Frameworks/Python.framework/Headers conftest.cpp >&5
configure:3081: $? = 0
configure:3098: result: yes
configure:3107: checking whether g++ accepts -g
configure:3137: g++ -c -g -I/usr/local/Cellar/python@3.10/3.10.2/Frameworks/Python.framework/Headers conftest.cpp >&5
configure:3144: $? = 0
configure:3245: result: yes
configure:3279: checking for style of include used by make
configure:3307: result: GNU
configure:3332: checking dependency style of g++
configure:3442: result: gcc3
configure:3535: checking build system type
configure:3553: result: x86_64-apple-darwin18.7.0
configure:3575: checking host system type
configure:3590: result: x86_64-apple-darwin18.7.0
configure:3660: checking for gcc
configure:3676: found /usr/bin/gcc
configure:3687: result: gcc
configure:3919: checking for C compiler version
configure:3927: gcc --version >&5
Configured with: --prefix=/Library/Developer/CommandLineTools/usr --with-gxx-include-dir=/Library/Developer/CommandLineTools/SDKs/MacOSX.sdk/usr/include/c++/4.2.1
Apple LLVM version 10.0.1 (clang-1001.0.46.4)
Target: x86_64-apple-darwin18.7.0
Thread model: posix
InstalledDir: /Library/Developer/CommandLineTools/usr/bin
configure:3931: $? = 0
configure:3938: gcc -v >&5
Configured with: --prefix=/Library/Developer/CommandLineTools/usr --with-gxx-include-dir=/Library/Developer/CommandLineTools/SDKs/MacOSX.sdk/usr/include/c++/4.2.1
Apple LLVM version 10.0.1 (clang-1001.0.46.4)
Target: x86_64-apple-darwin18.7.0
Thread model: posix
InstalledDir: /Library/Developer/CommandLineTools/usr/bin
configure:3942: $? = 0
configure:3949: gcc -V >&5
clang: error: unsupported option '-V -Wno-atomic-implicit-seq-cst'
clang: error: no input files
configure:3953: $? = 1
configure:3956: checking whether we are using the GNU C compiler
configure:3985: gcc -c  -I/usr/local/Cellar/python@3.10/3.10.2/Frameworks/Python.framework/Headers conftest.c >&5
configure:3992: $? = 0
configure:4009: result: yes
configure:4018: checking whether gcc accepts -g
configure:4048: gcc -c -g -I/usr/local/Cellar/python@3.10/3.10.2/Frameworks/Python.framework/Headers conftest.c >&5
configure:4055: $? = 0
configure:4156: result: yes
configure:4173: checking for gcc option to accept ISO C89
configure:4247: gcc  -c -g -O2 -I/usr/local/Cellar/python@3.10/3.10.2/Frameworks/Python.framework/Headers conftest.c >&5
configure:4254: $? = 0
configure:4277: result: none needed
configure:4297: checking dependency style of gcc
configure:4407: result: gcc3
configure:4422: checking for a sed that does not truncate output
configure:4478: result: /usr/bin/sed
configure:4481: checking for grep that handles long lines and -e
configure:4541: result: /usr/bin/grep
configure:4546: checking for egrep
configure:4610: result: /usr/bin/grep -E
configure:4626: checking for ld used by gcc
configure:4693: result: /Library/Developer/CommandLineTools/usr/bin/ld
configure:4702: checking if the linker (/Library/Developer/CommandLineTools/usr/bin/ld) is GNU ld
configure:4717: result: no
configure:4722: checking for /Library/Developer/CommandLineTools/usr/bin/ld option to reload object files
configure:4729: result: -r
configure:4747: checking for BSD-compatible nm
configure:4796: result: /usr/local/opt/llvm/bin/nm -B
configure:4800: checking whether ln -s works
configure:4804: result: yes
configure:4811: checking how to recognize dependent libraries
configure:4997: result: pass_all
configure:5246: checking how to run the C preprocessor
configure:5286: gcc -E -I/usr/local/Cellar/python@3.10/3.10.2/Frameworks/Python.framework/Headers conftest.c
configure:5293: $? = 0
configure:5324: gcc -E -I/usr/local/Cellar/python@3.10/3.10.2/Frameworks/Python.framework/Headers conftest.c
conftest.c:10:10: fatal error: 'ac_nonexistent.h' file not found
#include <ac_nonexistent.h>
         ^~~~~~~~~~~~~~~~~~
1 error generated.
configure:5331: $? = 1
configure: failed program was:
| /* confdefs.h.  */
| #define PACKAGE_NAME "Loris"
| #define PACKAGE_TARNAME "loris"
| #define PACKAGE_VERSION "1.8"
| #define PACKAGE_STRING "Loris 1.8"
| #define PACKAGE_BUGREPORT "loris@cerlsoundgroup.org"
| #define PACKAGE "loris"
| #define VERSION "1.8"
| /* end confdefs.h.  */
| #include <ac_nonexistent.h>
configure:5364: result: gcc -E
configure:5393: gcc -E -I/usr/local/Cellar/python@3.10/3.10.2/Frameworks/Python.framework/Headers conftest.c
configure:5400: $? = 0
configure:5431: gcc -E -I/usr/local/Cellar/python@3.10/3.10.2/Frameworks/Python.framework/Headers conftest.c
conftest.c:10:10: fatal error: 'ac_nonexistent.h' file not found
#include <ac_nonexistent.h>
         ^~~~~~~~~~~~~~~~~~
1 error generated.
configure:5438: $? = 1
configure: failed program was:
| /* confdefs.h.  */
| #define PACKAGE_NAME "Loris"
| #define PACKAGE_TARNAME "loris"
| #define PACKAGE_VERSION "1.8"
| #define PACKAGE_STRING "Loris 1.8"
| #define PACKAGE_BUGREPORT "loris@cerlsoundgroup.org"
| #define PACKAGE "loris"
| #define VERSION "1.8"
| /* end confdefs.h.  */
| #include <ac_nonexistent.h>
configure:5478: checking for ANSI C header files
configure:5508: gcc -c -g -O2 -I/usr/local/Cellar/python@3.10/3.10.2/Frameworks/Python.framework/Headers conftest.c >&5
configure:5515: $? = 0
configure:5614: gcc -o conftest -g -O2 -I/usr/local/Cellar/python@3.10/3.10.2/Frameworks/Python.framework/Headers  conftest.c  >&5
configure:5618: $? = 0
configure:5624: ./conftest
configure:5628: $? = 0
configure:5646: result: yes
configure:5670: checking for sys/types.h
configure:5691: gcc -c -g -O2 -I/usr/local/Cellar/python@3.10/3.10.2/Frameworks/Python.framework/Headers conftest.c >&5
configure:5698: $? = 0
configure:5715: result: yes
configure:5670: checking for sys/stat.h
configure:5691: gcc -c -g -O2 -I/usr/local/Cellar/python@3.10/3.10.2/Frameworks/Python.framework/Headers conftest.c >&5
configure:5698: $? = 0
configure:5715: result: yes
configure:5670: checking for stdlib.h
configure:5691: gcc -c -g -O2 -I/usr/local/Cellar/python@3.10/3.10.2/Frameworks/Python.framework/Headers conftest.c >&5
configure:5698: $? = 0
configure:5715: result: yes
configure:5670: checking for string.h
configure:5691: gcc -c -g -O2 -I/usr/local/Cellar/python@3.10/3.10.2/Frameworks/Python.framework/Headers conftest.c >&5
configure:5698: $? = 0
configure:5715: result: yes
configure:5670: checking for memory.h
configure:5691: gcc -c -g -O2 -I/usr/local/Cellar/python@3.10/3.10.2/Frameworks/Python.framework/Headers conftest.c >&5
configure:5698: $? = 0
configure:5715: result: yes
configure:5670: checking for strings.h
configure:5691: gcc -c -g -O2 -I/usr/local/Cellar/python@3.10/3.10.2/Frameworks/Python.framework/Headers conftest.c >&5
configure:5698: $? = 0
configure:5715: result: yes
configure:5670: checking for inttypes.h
configure:5691: gcc -c -g -O2 -I/usr/local/Cellar/python@3.10/3.10.2/Frameworks/Python.framework/Headers conftest.c >&5
configure:5698: $? = 0
configure:5715: result: yes
configure:5670: checking for stdint.h
configure:5691: gcc -c -g -O2 -I/usr/local/Cellar/python@3.10/3.10.2/Frameworks/Python.framework/Headers conftest.c >&5
configure:5698: $? = 0
configure:5715: result: yes
configure:5670: checking for unistd.h
configure:5691: gcc -c -g -O2 -I/usr/local/Cellar/python@3.10/3.10.2/Frameworks/Python.framework/Headers conftest.c >&5
configure:5698: $? = 0
configure:5715: result: yes
configure:5745: checking dlfcn.h usability
configure:5762: gcc -c -g -O2 -I/usr/local/Cellar/python@3.10/3.10.2/Frameworks/Python.framework/Headers conftest.c >&5
configure:5769: $? = 0
configure:5783: result: yes
configure:5787: checking dlfcn.h presence
configure:5802: gcc -E -I/usr/local/Cellar/python@3.10/3.10.2/Frameworks/Python.framework/Headers conftest.c
configure:5809: $? = 0
configure:5823: result: yes
configure:5856: checking for dlfcn.h
configure:5865: result: yes
configure:5890: checking how to run the C++ preprocessor
configure:5926: g++ -E -I/usr/local/Cellar/python@3.10/3.10.2/Frameworks/Python.framework/Headers conftest.cpp
configure:5933: $? = 0
configure:5964: g++ -E -I/usr/local/Cellar/python@3.10/3.10.2/Frameworks/Python.framework/Headers conftest.cpp
conftest.cpp:21:10: fatal error: 'ac_nonexistent.h' file not found
#include <ac_nonexistent.h>
         ^~~~~~~~~~~~~~~~~~
1 error generated.
configure:5971: $? = 1
configure: failed program was:
| /* confdefs.h.  */
| #define PACKAGE_NAME "Loris"
| #define PACKAGE_TARNAME "loris"
| #define PACKAGE_VERSION "1.8"
| #define PACKAGE_STRING "Loris 1.8"
| #define PACKAGE_BUGREPORT "loris@cerlsoundgroup.org"
| #define PACKAGE "loris"
| #define VERSION "1.8"
| #define STDC_HEADERS 1
| #define HAVE_SYS_TYPES_H 1
| #define HAVE_SYS_STAT_H 1
| #define HAVE_STDLIB_H 1
| #define HAVE_STRING_H 1
| #define HAVE_MEMORY_H 1
| #define HAVE_STRINGS_H 1
| #define HAVE_INTTYPES_H 1
| #define HAVE_STDINT_H 1
| #define HAVE_UNISTD_H 1
| #define HAVE_DLFCN_H 1
| /* end confdefs.h.  */
| #include <ac_nonexistent.h>
configure:6004: result: g++ -E
configure:6033: g++ -E -I/usr/local/Cellar/python@3.10/3.10.2/Frameworks/Python.framework/Headers conftest.cpp
configure:6040: $? = 0
configure:6071: g++ -E -I/usr/local/Cellar/python@3.10/3.10.2/Frameworks/Python.framework/Headers conftest.cpp
conftest.cpp:21:10: fatal error: 'ac_nonexistent.h' file not found
#include <ac_nonexistent.h>
         ^~~~~~~~~~~~~~~~~~
1 error generated.
configure:6078: $? = 1
configure: failed program was:
| /* confdefs.h.  */
| #define PACKAGE_NAME "Loris"
| #define PACKAGE_TARNAME "loris"
| #define PACKAGE_VERSION "1.8"
| #define PACKAGE_STRING "Loris 1.8"
| #define PACKAGE_BUGREPORT "loris@cerlsoundgroup.org"
| #define PACKAGE "loris"
| #define VERSION "1.8"
| #define STDC_HEADERS 1
| #define HAVE_SYS_TYPES_H 1
| #define HAVE_SYS_STAT_H 1
| #define HAVE_STDLIB_H 1
| #define HAVE_STRING_H 1
| #define HAVE_MEMORY_H 1
| #define HAVE_STRINGS_H 1
| #define HAVE_INTTYPES_H 1
| #define HAVE_STDINT_H 1
| #define HAVE_UNISTD_H 1
| #define HAVE_DLFCN_H 1
| /* end confdefs.h.  */
| #include <ac_nonexistent.h>
configure:6173: checking for g77
configure:6203: result: no
configure:6173: checking for xlf
configure:6203: result: no
configure:6173: checking for f77
configure:6203: result: no
configure:6173: checking for frt
configure:6203: result: no
configure:6173: checking for pgf77
configure:6203: result: no
configure:6173: checking for cf77
configure:6203: result: no
configure:6173: checking for fort77
configure:6203: result: no
configure:6173: checking for fl32
configure:6203: result: no
configure:6173: checking for af77
configure:6203: result: no
configure:6173: checking for xlf90
configure:6203: result: no
configure:6173: checking for f90
configure:6203: result: no
configure:6173: checking for pgf90
configure:6203: result: no
configure:6173: checking for pghpf
configure:6203: result: no
configure:6173: checking for epcf90
configure:6203: result: no
configure:6173: checking for gfortran
configure:6203: result: no
configure:6173: checking for g95
configure:6203: result: no
configure:6173: checking for xlf95
configure:6203: result: no
configure:6173: checking for f95
configure:6203: result: no
configure:6173: checking for fort
configure:6203: result: no
configure:6173: checking for ifort
configure:6203: result: no
configure:6173: checking for ifc
configure:6203: result: no
configure:6173: checking for efc
configure:6203: result: no
configure:6173: checking for pgf95
configure:6203: result: no
configure:6173: checking for lf95
configure:6203: result: no
configure:6173: checking for ftn
configure:6203: result: no
configure:6226: checking for Fortran 77 compiler version
configure:6234:  --version >&5
./configure: line 6236: --version: command not found
configure:6238: $? = 127
configure:6245:  -v >&5
./configure: line 6247: -v: command not found
configure:6249: $? = 127
configure:6256:  -V >&5
./configure: line 6258: -V: command not found
configure:6260: $? = 127
configure:6268: checking whether we are using the GNU Fortran 77 compiler
configure:6287:  -c  conftest.F >&5
./configure: line 6289: -c: command not found
configure:6294: $? = 127
configure: failed program was:
|       program main
| #ifndef __GNUC__
|        choke me
| #endif
| 
|       end
configure:6311: result: no
configure:6317: checking whether  accepts -g
configure:6334:  -c -g conftest.f >&5
./configure: line 6336: -c: command not found
configure:6341: $? = 127
configure: failed program was:
|       program main
| 
|       end
configure:6357: result: no
configure:6390: checking the maximum length of command line arguments
configure:6502: result: 196608
configure:6514: checking command to parse /usr/local/opt/llvm/bin/nm -B output from gcc object
configure:6619: gcc -c -g -O2 -I/usr/local/Cellar/python@3.10/3.10.2/Frameworks/Python.framework/Headers conftest.c >&5
configure:6622: $? = 0
configure:6626: /usr/local/opt/llvm/bin/nm -B conftest.o \| sed -n -e 's/^.*[ 	]\([ABCDGIRSTW][ABCDGIRSTW]*\)[ 	][ 	]*\([_A-Za-z][_A-Za-z0-9]*\)$/\1 \2 \2/p' \> conftest.nm
configure:6629: $? = 0
cannot find nm_test_var in conftest.nm
configure:6619: gcc -c -g -O2 -I/usr/local/Cellar/python@3.10/3.10.2/Frameworks/Python.framework/Headers conftest.c >&5
configure:6622: $? = 0
configure:6626: /usr/local/opt/llvm/bin/nm -B conftest.o \| sed -n -e 's/^.*[ 	]\([ABCDGIRSTW][ABCDGIRSTW]*\)[ 	][ 	]*_\([_A-Za-z][_A-Za-z0-9]*\)$/\1 _\2 \2/p' \> conftest.nm
configure:6629: $? = 0
configure:6681: gcc -o conftest -g -O2 -I/usr/local/Cellar/python@3.10/3.10.2/Frameworks/Python.framework/Headers  conftest.c conftstm.o >&5
warning: (x86_64)  could not find object file symbol for symbol _main
configure:6684: $? = 0
configure:6722: result: ok
configure:6726: checking for objdir
configure:6741: result: .libs
configure:6833: checking for ar
configure:6849: found /usr/local/opt/llvm/bin/ar
configure:6860: result: ar
configure:6925: checking for ranlib
configure:6941: found /usr/local/opt/llvm/bin/ranlib
configure:6952: result: ranlib
configure:7017: checking for strip
configure:7033: found /usr/local/opt/llvm/bin/strip
configure:7044: result: strip
configure:7297: checking for dsymutil
configure:7313: found /usr/local/opt/llvm/bin/dsymutil
configure:7324: result: dsymutil
configure:7389: checking for nmedit
configure:7405: found /usr/bin/nmedit
configure:7416: result: nmedit
configure:7439: checking for -single_module linker flag
configure:7460: result: yes
configure:7462: checking for -exported_symbols_list linker flag
configure:7492: gcc -o conftest -g -O2 -I/usr/local/Cellar/python@3.10/3.10.2/Frameworks/Python.framework/Headers  -Wl,-exported_symbols_list,conftest.sym conftest.c  >&5
configure:7499: $? = 0
configure:7521: result: yes
configure:7634: checking if gcc supports -fno-rtti -fno-exceptions
configure:7652: gcc -c -g -O2 -I/usr/local/Cellar/python@3.10/3.10.2/Frameworks/Python.framework/Headers -fno-rtti -fno-exceptions conftest.c >&5
configure:7656: $? = 0
configure:7669: result: yes
configure:7684: checking for gcc option to produce PIC
configure:7916: result: -fno-common
configure:7924: checking if gcc PIC flag -fno-common works
configure:7942: gcc -c -g -O2 -I/usr/local/Cellar/python@3.10/3.10.2/Frameworks/Python.framework/Headers -fno-common -DPIC conftest.c >&5
configure:7946: $? = 0
configure:7959: result: yes
configure:7987: checking if gcc static flag -static works
configure:8015: result: no
configure:8025: checking if gcc supports -c -o file.o
configure:8046: gcc -c -g -O2 -I/usr/local/Cellar/python@3.10/3.10.2/Frameworks/Python.framework/Headers -o out/conftest2.o conftest.c >&5
configure:8050: $? = 0
configure:8072: result: yes
configure:8098: checking whether the gcc linker (/Library/Developer/CommandLineTools/usr/bin/ld) supports shared libraries
configure:9068: result: yes
configure:9135: checking dynamic linker characteristics
configure:9737: result: darwin18.7.0 dyld
configure:9761: checking how to hardcode library paths into programs
configure:9786: result: immediate
configure:9800: checking whether stripping libraries is possible
configure:9805: result: yes
configure:10635: checking if libtool supports shared libraries
configure:10637: result: yes
configure:10640: checking whether to build shared libraries
configure:10661: result: yes
configure:10664: checking whether to build static libraries
configure:10668: result: yes
configure:10762: creating libtool
configure:11355: checking for ld used by g++
configure:11422: result: /Library/Developer/CommandLineTools/usr/bin/ld
configure:11431: checking if the linker (/Library/Developer/CommandLineTools/usr/bin/ld) is GNU ld
configure:11446: result: no
configure:11497: checking whether the g++ linker (/Library/Developer/CommandLineTools/usr/bin/ld) supports shared libraries
configure:12451: result: yes
configure:12468: g++ -c -g -O2 -I/usr/local/Cellar/python@3.10/3.10.2/Frameworks/Python.framework/Headers conftest.cpp >&5
configure:12471: $? = 0
configure:12627: checking for g++ option to produce PIC
configure:12911: result: -fno-common
configure:12919: checking if g++ PIC flag -fno-common works
configure:12937: g++ -c -g -O2 -I/usr/local/Cellar/python@3.10/3.10.2/Frameworks/Python.framework/Headers -fno-common -DPIC conftest.cpp >&5
configure:12941: $? = 0
configure:12954: result: yes
configure:12982: checking if g++ static flag -static works
configure:13010: result: no
configure:13020: checking if g++ supports -c -o file.o
configure:13041: g++ -c -g -O2 -I/usr/local/Cellar/python@3.10/3.10.2/Frameworks/Python.framework/Headers -o out/conftest2.o conftest.cpp >&5
configure:13045: $? = 0
configure:13067: result: yes
configure:13093: checking whether the g++ linker (/Library/Developer/CommandLineTools/usr/bin/ld) supports shared libraries
configure:13119: result: yes
configure:13186: checking dynamic linker characteristics
configure:13736: result: darwin18.7.0 dyld
configure:13760: checking how to hardcode library paths into programs
configure:13785: result: immediate
configure:19992: checking for doxygen
configure:20025: result: no
configure:20043: checking for swig
configure:20061: found /usr/local/bin/swig
configure:20073: result: /usr/local/bin/swig
configure:20102: result: Using Darwin-specific kludges to avoid broken libtool.
configure:20119: result: ----- Compiler Feature Checks -----
configure:20133: checking size of bool
configure:20438: g++ -o conftest -g -O2 -I/usr/local/Cellar/python@3.10/3.10.2/Frameworks/Python.framework/Headers  conftest.cpp  >&5
configure:20442: $? = 0
configure:20448: ./conftest
configure:20452: $? = 0
configure:20478: result: 1
configure:20492: checking size of char
configure:20797: g++ -o conftest -g -O2 -I/usr/local/Cellar/python@3.10/3.10.2/Frameworks/Python.framework/Headers  conftest.cpp  >&5
configure:20801: $? = 0
configure:20807: ./conftest
configure:20811: $? = 0
configure:20837: result: 1
configure:20848: checking whether char is unsigned
configure:20876: g++ -c -g -O2 -I/usr/local/Cellar/python@3.10/3.10.2/Frameworks/Python.framework/Headers conftest.cpp >&5
configure:20883: $? = 0
configure:20898: result: no
configure:20911: checking size of short
configure:21216: g++ -o conftest -g -O2 -I/usr/local/Cellar/python@3.10/3.10.2/Frameworks/Python.framework/Headers  conftest.cpp  >&5
configure:21220: $? = 0
configure:21226: ./conftest
configure:21230: $? = 0
configure:21256: result: 2
configure:21270: checking size of int
configure:21575: g++ -o conftest -g -O2 -I/usr/local/Cellar/python@3.10/3.10.2/Frameworks/Python.framework/Headers  conftest.cpp  >&5
configure:21579: $? = 0
configure:21585: ./conftest
configure:21589: $? = 0
configure:21615: result: 4
configure:21629: checking size of long
configure:21934: g++ -o conftest -g -O2 -I/usr/local/Cellar/python@3.10/3.10.2/Frameworks/Python.framework/Headers  conftest.cpp  >&5
configure:21938: $? = 0
configure:21944: ./conftest
configure:21948: $? = 0
configure:21974: result: 8
configure:21988: checking size of int *
configure:22293: g++ -o conftest -g -O2 -I/usr/local/Cellar/python@3.10/3.10.2/Frameworks/Python.framework/Headers  conftest.cpp  >&5
configure:22297: $? = 0
configure:22303: ./conftest
configure:22307: $? = 0
configure:22333: result: 8
configure:22347: checking size of size_t
configure:22652: g++ -o conftest -g -O2 -I/usr/local/Cellar/python@3.10/3.10.2/Frameworks/Python.framework/Headers  conftest.cpp  >&5
configure:22656: $? = 0
configure:22662: ./conftest
configure:22666: $? = 0
configure:22692: result: 8
configure:22707: checking size of float
configure:23012: g++ -o conftest -g -O2 -I/usr/local/Cellar/python@3.10/3.10.2/Frameworks/Python.framework/Headers  conftest.cpp  >&5
configure:23016: $? = 0
configure:23022: ./conftest
configure:23026: $? = 0
configure:23052: result: 4
configure:23066: checking size of double
configure:23371: g++ -o conftest -g -O2 -I/usr/local/Cellar/python@3.10/3.10.2/Frameworks/Python.framework/Headers  conftest.cpp  >&5
configure:23375: $? = 0
configure:23381: ./conftest
configure:23385: $? = 0
configure:23411: result: 8
configure:23424: checking for isfinite defined in cmath
configure:23447: g++ -c -g -O2 -I/usr/local/Cellar/python@3.10/3.10.2/Frameworks/Python.framework/Headers conftest.cpp >&5
conftest.cpp:30:18: warning: extra tokens at end of #include directive [-Wextra-tokens]
 #include <cmath>;
                 ^
                 //
1 warning generated.
configure:23454: $? = 0
configure:23460: result: yep
configure:23483: checking whether byte ordering is bigendian
configure:23508: g++ -c -g -O2 -I/usr/local/Cellar/python@3.10/3.10.2/Frameworks/Python.framework/Headers conftest.cpp >&5
configure:23515: $? = 0
configure:23565: g++ -c -g -O2 -I/usr/local/Cellar/python@3.10/3.10.2/Frameworks/Python.framework/Headers conftest.cpp >&5
configure:23572: $? = 0
configure:23604: g++ -c -g -O2 -I/usr/local/Cellar/python@3.10/3.10.2/Frameworks/Python.framework/Headers conftest.cpp >&5
conftest.cpp:38:11: error: expected ';' after expression
                 not big endian
                        ^
                        ;
conftest.cpp:38:8: error: use of undeclared identifier 'big'
                 not big endian
                     ^
conftest.cpp:38:12: error: use of undeclared identifier 'endian'
                 not big endian
                         ^
3 errors generated.
configure:23611: $? = 1
configure: failed program was:
| /* confdefs.h.  */
| #define PACKAGE_NAME "Loris"
| #define PACKAGE_TARNAME "loris"
| #define PACKAGE_VERSION "1.8"
| #define PACKAGE_STRING "Loris 1.8"
| #define PACKAGE_BUGREPORT "loris@cerlsoundgroup.org"
| #define PACKAGE "loris"
| #define VERSION "1.8"
| #define STDC_HEADERS 1
| #define HAVE_SYS_TYPES_H 1
| #define HAVE_SYS_STAT_H 1
| #define HAVE_STDLIB_H 1
| #define HAVE_STRING_H 1
| #define HAVE_MEMORY_H 1
| #define HAVE_STRINGS_H 1
| #define HAVE_INTTYPES_H 1
| #define HAVE_STDINT_H 1
| #define HAVE_UNISTD_H 1
| #define HAVE_DLFCN_H 1
| #define SIZEOF_BOOL 1
| #define SIZEOF_CHAR 1
| #define SIZEOF_SHORT 2
| #define SIZEOF_INT 4
| #define SIZEOF_LONG 8
| #define SIZEOF_INT_P 8
| #define SIZEOF_SIZE_T 8
| #define SIZEOF_FLOAT 4
| #define SIZEOF_DOUBLE 8
| #define HAVE_ISFINITE 1
| /* end confdefs.h.  */
| #include <sys/types.h>
| 		#include <sys/param.h>
| 
| int
| main ()
| {
| #if BYTE_ORDER != BIG_ENDIAN
| 		 not big endian
| 		#endif
| 
|   ;
|   return 0;
| }
configure:23863: result: no
configure:23891: checking for M_PI defined in cmath
configure:23914: g++ -c -g -O2 -I/usr/local/Cellar/python@3.10/3.10.2/Frameworks/Python.framework/Headers conftest.cpp >&5
conftest.cpp:31:18: warning: extra tokens at end of #include directive [-Wextra-tokens]
 #include <cmath>;
                 ^
                 //
1 warning generated.
configure:23921: $? = 0
configure:23927: result: yep
configure:23951: checking whether C++ compiler supports template member functions
configure:23975: g++ -c -g -O2 -I/usr/local/Cellar/python@3.10/3.10.2/Frameworks/Python.framework/Headers conftest.cpp >&5
configure:23982: $? = 0
configure:23988: result: yes
configure:24013: result: ----- Library Checks -----
configure:24028: checking for library containing sin
configure:24069: gcc -o conftest -g -O2 -I/usr/local/Cellar/python@3.10/3.10.2/Frameworks/Python.framework/Headers  conftest.c  >&5
conftest.c:39:6: warning: incompatible redeclaration of library function 'sin' [-Wincompatible-library-redeclaration]
char sin ();
     ^
conftest.c:39:6: note: 'sin' is a builtin with type 'double (double)'
1 warning generated.
configure:24076: $? = 0
configure:24107: result: none required
configure:24116: checking for fftw_execute in -lfftw3
configure:24151: gcc -o conftest -g -O2 -I/usr/local/Cellar/python@3.10/3.10.2/Frameworks/Python.framework/Headers  conftest.c -lfftw3   >&5
ld: library not found for -lfftw3
clang: error: linker command failed with exit code 1 (use -v to see invocation)
configure:24158: $? = 1
configure: failed program was:
| /* confdefs.h.  */
| #define PACKAGE_NAME "Loris"
| #define PACKAGE_TARNAME "loris"
| #define PACKAGE_VERSION "1.8"
| #define PACKAGE_STRING "Loris 1.8"
| #define PACKAGE_BUGREPORT "loris@cerlsoundgroup.org"
| #define PACKAGE "loris"
| #define VERSION "1.8"
| #define STDC_HEADERS 1
| #define HAVE_SYS_TYPES_H 1
| #define HAVE_SYS_STAT_H 1
| #define HAVE_STDLIB_H 1
| #define HAVE_STRING_H 1
| #define HAVE_MEMORY_H 1
| #define HAVE_STRINGS_H 1
| #define HAVE_INTTYPES_H 1
| #define HAVE_STDINT_H 1
| #define HAVE_UNISTD_H 1
| #define HAVE_DLFCN_H 1
| #define SIZEOF_BOOL 1
| #define SIZEOF_CHAR 1
| #define SIZEOF_SHORT 2
| #define SIZEOF_INT 4
| #define SIZEOF_LONG 8
| #define SIZEOF_INT_P 8
| #define SIZEOF_SIZE_T 8
| #define SIZEOF_FLOAT 4
| #define SIZEOF_DOUBLE 8
| #define HAVE_ISFINITE 1
| #define HAVE_M_PI 1
| /* end confdefs.h.  */
| 
| /* Override any GCC internal prototype to avoid an error.
|    Use char because int might match the return type of a GCC
|    builtin and then its argument prototype would still apply.  */
| #ifdef __cplusplus
| extern "C"
| #endif
| char fftw_execute ();
| int
| main ()
| {
| return fftw_execute ();
|   ;
|   return 0;
| }
configure:24179: result: no
configure:24188: checking for fftw_create_plan_specific in -lfftw
configure:24223: gcc -o conftest -g -O2 -I/usr/local/Cellar/python@3.10/3.10.2/Frameworks/Python.framework/Headers  conftest.c -lfftw   >&5
ld: library not found for -lfftw
clang: error: linker command failed with exit code 1 (use -v to see invocation)
configure:24230: $? = 1
configure: failed program was:
| /* confdefs.h.  */
| #define PACKAGE_NAME "Loris"
| #define PACKAGE_TARNAME "loris"
| #define PACKAGE_VERSION "1.8"
| #define PACKAGE_STRING "Loris 1.8"
| #define PACKAGE_BUGREPORT "loris@cerlsoundgroup.org"
| #define PACKAGE "loris"
| #define VERSION "1.8"
| #define STDC_HEADERS 1
| #define HAVE_SYS_TYPES_H 1
| #define HAVE_SYS_STAT_H 1
| #define HAVE_STDLIB_H 1
| #define HAVE_STRING_H 1
| #define HAVE_MEMORY_H 1
| #define HAVE_STRINGS_H 1
| #define HAVE_INTTYPES_H 1
| #define HAVE_STDINT_H 1
| #define HAVE_UNISTD_H 1
| #define HAVE_DLFCN_H 1
| #define SIZEOF_BOOL 1
| #define SIZEOF_CHAR 1
| #define SIZEOF_SHORT 2
| #define SIZEOF_INT 4
| #define SIZEOF_LONG 8
| #define SIZEOF_INT_P 8
| #define SIZEOF_SIZE_T 8
| #define SIZEOF_FLOAT 4
| #define SIZEOF_DOUBLE 8
| #define HAVE_ISFINITE 1
| #define HAVE_M_PI 1
| /* end confdefs.h.  */
| 
| /* Override any GCC internal prototype to avoid an error.
|    Use char because int might match the return type of a GCC
|    builtin and then its argument prototype would still apply.  */
| #ifdef __cplusplus
| extern "C"
| #endif
| char fftw_create_plan_specific ();
| int
| main ()
| {
| return fftw_create_plan_specific ();
|   ;
|   return 0;
| }
configure:24251: result: no
configure:24260: WARNING: Not using the FFTW library.  Infrequent non-power-of-two DFTs will be slow.
configure:24585: result: ----- Language Checks -----
configure:24607: checking for python
configure:24625: found /usr/bin/python
configure:24637: result: /usr/bin/python
configure:24653: checking whether /usr/bin/python version >= 1.5
configure:24664: /usr/bin/python -c import sys # split strings by '.' and convert to numeric. Append some zeros # because we need at least 4 digits for the hex conversion. # map returns an iterator in Python 3.0 and a list in 2.x minver = list(map(int, '1.5'.split('.'))) + [0, 0, 0] minverhex = 0 # xrange is not present in Python 3.0 and range returns an iterator for i in list(range(0, 4)): minverhex = (minverhex << 8) + minver[i] sys.exit(sys.hexversion < minverhex)
configure:24667: $? = 0
configure:24669: result: yes
configure:24766: checking for /usr/bin/python version
configure:24773: result: 2.7
configure:24785: checking for /usr/bin/python platform
configure:24792: result: darwin
configure:24799: checking for /usr/bin/python script directory
configure:24828: result: ${prefix}/lib/python2.7/site-packages
configure:24837: checking for /usr/bin/python extension module directory
configure:24866: result: ${exec_prefix}/lib/python2.7/site-packages
configure:24930: checking for Python.h header file
configure:24948: checking Python.h usability
configure:24965: gcc -c -g -O2 -I/usr/include/python2.7 -I/usr/local/Cellar/python@3.10/3.10.2/Frameworks/Python.framework/Headers conftest.c >&5
configure:24972: $? = 0
configure:24986: result: yes
configure:24990: checking Python.h presence
configure:25005: gcc -E -I/usr/include/python2.7 -I/usr/local/Cellar/python@3.10/3.10.2/Frameworks/Python.framework/Headers conftest.c
configure:25012: $? = 0
configure:25026: result: yes
configure:25059: checking for Python.h
configure:25068: result: yes
configure:25079: checking for PyExc_StopIteration defined in Python.h
configure:25102: gcc -c -g -O2 -I/usr/include/python2.7 -I/usr/local/Cellar/python@3.10/3.10.2/Frameworks/Python.framework/Headers conftest.c >&5
conftest.c:33:21: warning: extra tokens at end of #include directive [-Wextra-tokens]
 #include <Python.h>;
                    ^
                    //
1 warning generated.
configure:25109: $? = 0
configure:25115: result: yep
configure:25186: checking csdl.h usability
configure:25203: gcc -c -g -O2 -I/usr/local/Cellar/python@3.10/3.10.2/Frameworks/Python.framework/Headers conftest.c >&5
conftest.c:66:10: fatal error: 'csdl.h' file not found
#include <csdl.h>
         ^~~~~~~~
1 error generated.
configure:25210: $? = 1
configure: failed program was:
| /* confdefs.h.  */
| #define PACKAGE_NAME "Loris"
| #define PACKAGE_TARNAME "loris"
| #define PACKAGE_VERSION "1.8"
| #define PACKAGE_STRING "Loris 1.8"
| #define PACKAGE_BUGREPORT "loris@cerlsoundgroup.org"
| #define PACKAGE "loris"
| #define VERSION "1.8"
| #define STDC_HEADERS 1
| #define HAVE_SYS_TYPES_H 1
| #define HAVE_SYS_STAT_H 1
| #define HAVE_STDLIB_H 1
| #define HAVE_STRING_H 1
| #define HAVE_MEMORY_H 1
| #define HAVE_STRINGS_H 1
| #define HAVE_INTTYPES_H 1
| #define HAVE_STDINT_H 1
| #define HAVE_UNISTD_H 1
| #define HAVE_DLFCN_H 1
| #define SIZEOF_BOOL 1
| #define SIZEOF_CHAR 1
| #define SIZEOF_SHORT 2
| #define SIZEOF_INT 4
| #define SIZEOF_LONG 8
| #define SIZEOF_INT_P 8
| #define SIZEOF_SIZE_T 8
| #define SIZEOF_FLOAT 4
| #define SIZEOF_DOUBLE 8
| #define HAVE_ISFINITE 1
| #define HAVE_M_PI 1
| #define HAVE_PYTHON_H 1
| /* end confdefs.h.  */
| #include <stdio.h>
| #ifdef HAVE_SYS_TYPES_H
| # include <sys/types.h>
| #endif
| #ifdef HAVE_SYS_STAT_H
| # include <sys/stat.h>
| #endif
| #ifdef STDC_HEADERS
| # include <stdlib.h>
| # include <stddef.h>
| #else
| # ifdef HAVE_STDLIB_H
| #  include <stdlib.h>
| # endif
| #endif
| #ifdef HAVE_STRING_H
| # if !defined STDC_HEADERS && defined HAVE_MEMORY_H
| #  include <memory.h>
| # endif
| # include <string.h>
| #endif
| #ifdef HAVE_STRINGS_H
| # include <strings.h>
| #endif
| #ifdef HAVE_INTTYPES_H
| # include <inttypes.h>
| #endif
| #ifdef HAVE_STDINT_H
| # include <stdint.h>
| #endif
| #ifdef HAVE_UNISTD_H
| # include <unistd.h>
| #endif
| #include <csdl.h>
configure:25224: result: no
configure:25228: checking csdl.h presence
configure:25243: gcc -E -I/usr/local/Cellar/python@3.10/3.10.2/Frameworks/Python.framework/Headers conftest.c
conftest.c:33:10: fatal error: 'csdl.h' file not found
#include <csdl.h>
         ^~~~~~~~
1 error generated.
configure:25250: $? = 1
configure: failed program was:
| /* confdefs.h.  */
| #define PACKAGE_NAME "Loris"
| #define PACKAGE_TARNAME "loris"
| #define PACKAGE_VERSION "1.8"
| #define PACKAGE_STRING "Loris 1.8"
| #define PACKAGE_BUGREPORT "loris@cerlsoundgroup.org"
| #define PACKAGE "loris"
| #define VERSION "1.8"
| #define STDC_HEADERS 1
| #define HAVE_SYS_TYPES_H 1
| #define HAVE_SYS_STAT_H 1
| #define HAVE_STDLIB_H 1
| #define HAVE_STRING_H 1
| #define HAVE_MEMORY_H 1
| #define HAVE_STRINGS_H 1
| #define HAVE_INTTYPES_H 1
| #define HAVE_STDINT_H 1
| #define HAVE_UNISTD_H 1
| #define HAVE_DLFCN_H 1
| #define SIZEOF_BOOL 1
| #define SIZEOF_CHAR 1
| #define SIZEOF_SHORT 2
| #define SIZEOF_INT 4
| #define SIZEOF_LONG 8
| #define SIZEOF_INT_P 8
| #define SIZEOF_SIZE_T 8
| #define SIZEOF_FLOAT 4
| #define SIZEOF_DOUBLE 8
| #define HAVE_ISFINITE 1
| #define HAVE_M_PI 1
| #define HAVE_PYTHON_H 1
| /* end confdefs.h.  */
| #include <csdl.h>
configure:25264: result: no
configure:25297: checking for csdl.h
configure:25306: result: no
configure:25318: WARNING: Cannot find Csound5 headers. Csound5 support disabled.
configure:25659: result: ----- Creating Output Files -----
configure:25845: creating ./config.status

## ---------------------- ##
## Running config.status. ##
## ---------------------- ##

This file was extended by Loris config.status 1.8, which was
generated by GNU Autoconf 2.63.  Invocation command line was

  CONFIG_FILES    = 
  CONFIG_HEADERS  = 
  CONFIG_LINKS    = 
  CONFIG_COMMANDS = 
  $ ./config.status 

on MacBook-Pro-de-manuelgaulhiac.local

config.status:855: creating src/loris.h
config.status:855: creating doc/Doxyfile
config.status:855: creating Makefile
config.status:855: creating doc/Makefile
config.status:855: creating src/Makefile
config.status:855: creating scripting/Makefile
config.status:855: creating csound/Makefile
config.status:855: creating test/Makefile
config.status:855: creating utils/Makefile
config.status:855: creating config.h
config.status:1077: config.h is unchanged
config.status:1129: executing depfiles commands
configure:27190: result: ----- Configuration Summary -----
configure:27225: result: ----- End Of Configuration -----

## ---------------- ##
## Cache variables. ##
## ---------------- ##

ac_cv_build=x86_64-apple-darwin18.7.0
ac_cv_c_bigendian=no
ac_cv_c_char_unsigned=no
ac_cv_c_compiler_gnu=yes
ac_cv_cxx_compiler_gnu=yes
ac_cv_env_CCC_set=
ac_cv_env_CCC_value=
ac_cv_env_CC_set=
ac_cv_env_CC_value=
ac_cv_env_CFLAGS_set=
ac_cv_env_CFLAGS_value=
ac_cv_env_CPPFLAGS_set=set
ac_cv_env_CPPFLAGS_value=-I/usr/local/Cellar/python@3.10/3.10.2/Frameworks/Python.framework/Headers
ac_cv_env_CPP_set=
ac_cv_env_CPP_value=
ac_cv_env_CSOUND_CONFIG_set=
ac_cv_env_CSOUND_CONFIG_value=
ac_cv_env_CXXCPP_set=
ac_cv_env_CXXCPP_value=
ac_cv_env_CXXFLAGS_set=
ac_cv_env_CXXFLAGS_value=
ac_cv_env_CXX_set=
ac_cv_env_CXX_value=
ac_cv_env_DOXYGEN_set=
ac_cv_env_DOXYGEN_value=
ac_cv_env_F77_set=
ac_cv_env_F77_value=
ac_cv_env_FFLAGS_set=
ac_cv_env_FFLAGS_value=
ac_cv_env_LDFLAGS_set=
ac_cv_env_LDFLAGS_value=
ac_cv_env_LIBS_set=
ac_cv_env_LIBS_value=
ac_cv_env_PYTHON_set=
ac_cv_env_PYTHON_value=
ac_cv_env_SWIG_set=
ac_cv_env_SWIG_value=
ac_cv_env_build_alias_set=
ac_cv_env_build_alias_value=
ac_cv_env_host_alias_set=
ac_cv_env_host_alias_value=
ac_cv_env_target_alias_set=
ac_cv_env_target_alias_value=
ac_cv_f77_compiler_gnu=no
ac_cv_header_Python_h=yes
ac_cv_header_csdl_h=no
ac_cv_header_dlfcn_h=yes
ac_cv_header_inttypes_h=yes
ac_cv_header_memory_h=yes
ac_cv_header_stdc=yes
ac_cv_header_stdint_h=yes
ac_cv_header_stdlib_h=yes
ac_cv_header_string_h=yes
ac_cv_header_strings_h=yes
ac_cv_header_sys_stat_h=yes
ac_cv_header_sys_types_h=yes
ac_cv_header_unistd_h=yes
ac_cv_host=x86_64-apple-darwin18.7.0
ac_cv_lib_fftw3_fftw_execute=no
ac_cv_lib_fftw_fftw_create_plan_specific=no
ac_cv_objext=o
ac_cv_path_EGREP='/usr/bin/grep -E'
ac_cv_path_GREP=/usr/bin/grep
ac_cv_path_PYTHON=/usr/bin/python
ac_cv_path_SWIG=/usr/local/bin/swig
ac_cv_path_install='/usr/bin/install -c'
ac_cv_prog_AWK=awk
ac_cv_prog_CPP='gcc -E'
ac_cv_prog_CXXCPP='g++ -E'
ac_cv_prog_ac_ct_AR=ar
ac_cv_prog_ac_ct_CC=gcc
ac_cv_prog_ac_ct_CXX=g++
ac_cv_prog_ac_ct_DSYMUTIL=dsymutil
ac_cv_prog_ac_ct_NMEDIT=nmedit
ac_cv_prog_ac_ct_RANLIB=ranlib
ac_cv_prog_ac_ct_STRIP=strip
ac_cv_prog_cc_c89=
ac_cv_prog_cc_g=yes
ac_cv_prog_cxx_g=yes
ac_cv_prog_f77_g=no
ac_cv_prog_make_make_set=yes
ac_cv_search_sin='none required'
ac_cv_sizeof_bool=1
ac_cv_sizeof_char=1
ac_cv_sizeof_double=8
ac_cv_sizeof_float=4
ac_cv_sizeof_int=4
ac_cv_sizeof_int_p=8
ac_cv_sizeof_long=8
ac_cv_sizeof_short=2
ac_cv_sizeof_size_t=8
am_cv_CC_dependencies_compiler_type=gcc3
am_cv_CXX_dependencies_compiler_type=gcc3
am_cv_python_platform=darwin
am_cv_python_pyexecdir='${exec_prefix}/lib/python2.7/site-packages'
am_cv_python_pythondir='${prefix}/lib/python2.7/site-packages'
am_cv_python_version=2.7
lt_cv_apple_cc_single_mod=yes
lt_cv_deplibs_check_method=pass_all
lt_cv_file_magic_cmd='$MAGIC_CMD'
lt_cv_file_magic_test_file=
lt_cv_ld_exported_symbols_list=yes
lt_cv_ld_reload_flag=-r
lt_cv_objdir=.libs
lt_cv_path_LD=/Library/Developer/CommandLineTools/usr/bin/ld
lt_cv_path_LDCXX=/Library/Developer/CommandLineTools/usr/bin/ld
lt_cv_path_NM='/usr/local/opt/llvm/bin/nm -B'
lt_cv_path_SED=/usr/bin/sed
lt_cv_prog_compiler_c_o=yes
lt_cv_prog_compiler_c_o_CXX=yes
lt_cv_prog_compiler_pic_works=yes
lt_cv_prog_compiler_pic_works_CXX=yes
lt_cv_prog_compiler_rtti_exceptions=yes
lt_cv_prog_compiler_static_works=no
lt_cv_prog_compiler_static_works_CXX=no
lt_cv_prog_gnu_ld=no
lt_cv_prog_gnu_ldcxx=no
lt_cv_sys_global_symbol_pipe='sed -n -e '\''s/^.*[ 	]\([ABCDGIRSTW][ABCDGIRSTW]*\)[ 	][ 	]*_\([_A-Za-z][_A-Za-z0-9]*\)$/\1 _\2 \2/p'\'''
lt_cv_sys_global_symbol_to_c_name_address='sed -n -e '\''s/^: \([^ ]*\) $/  {\"\1\", (lt_ptr) 0},/p'\'' -e '\''s/^[BCDEGRST] \([^ ]*\) \([^ ]*\)$/  {"\2", (lt_ptr) \&\2},/p'\'''
lt_cv_sys_global_symbol_to_cdecl='sed -n -e '\''s/^. .* \(.*\)$/extern int \1;/p'\'''
lt_cv_sys_lib_dlsearch_path_spec='/usr/local/lib /lib /usr/lib'
lt_cv_sys_lib_search_path_spec='/Library/Developer/CommandLineTools/usr/lib/clang/10.0.1 /usr/local/lib'
lt_cv_sys_max_cmd_len=196608
lt_lt_cv_prog_compiler_c_o='"yes"'
lt_lt_cv_prog_compiler_c_o_CXX='"yes"'
lt_lt_cv_sys_global_symbol_pipe='"sed -n -e '\''s/^.*[ 	]\\([ABCDGIRSTW][ABCDGIRSTW]*\\)[ 	][ 	]*_\\([_A-Za-z][_A-Za-z0-9]*\\)\$/\\1 _\\2 \\2/p'\''"'
lt_lt_cv_sys_global_symbol_to_c_name_address='"sed -n -e '\''s/^: \\([^ ]*\\) \$/  {\\\"\\1\\\", (lt_ptr) 0},/p'\'' -e '\''s/^[BCDEGRST] \\([^ ]*\\) \\([^ ]*\\)\$/  {\"\\2\", (lt_ptr) \\&\\2},/p'\''"'
lt_lt_cv_sys_global_symbol_to_cdecl='"sed -n -e '\''s/^. .* \\(.*\\)\$/extern int \\1;/p'\''"'

## ----------------- ##
## Output variables. ##
## ----------------- ##

ACLOCAL='${SHELL} /Users/manuel/Github/loris/config/missing --run aclocal-1.11'
AMDEPBACKSLASH='\'
AMDEP_FALSE='#'
AMDEP_TRUE=''
AMTAR='${SHELL} /Users/manuel/Github/loris/config/missing --run tar'
AR='ar'
AUTOCONF='${SHELL} /Users/manuel/Github/loris/config/missing --run autoconf'
AUTOHEADER='${SHELL} /Users/manuel/Github/loris/config/missing --run autoheader'
AUTOMAKE='${SHELL} /Users/manuel/Github/loris/config/missing --run automake-1.11'
AWK='awk'
BUILD_PYTHON_FALSE='#'
BUILD_PYTHON_TRUE=''
CC='gcc'
CCDEPMODE='depmode=gcc3'
CFLAGS='-g -O2'
CPP='gcc -E'
CPPFLAGS='-I/usr/local/Cellar/python@3.10/3.10.2/Frameworks/Python.framework/Headers'
CSOUND=''
CSOUND_CONFIG=''
CSOUND_CXXFLAGS=''
CSOUND_PREFIX=''
CXX='g++'
CXXCPP='g++ -E'
CXXDEPMODE='depmode=gcc3'
CXXFLAGS='-g -O2'
CYGPATH_W='echo'
DARWIN_FALSE='#'
DARWIN_TRUE=''
DEFS='-DHAVE_CONFIG_H'
DEPDIR='.deps'
DOXYGEN=''
DSYMUTIL='dsymutil'
ECHO='/bin/echo'
ECHO_C='\c'
ECHO_N=''
ECHO_T=''
EGREP='/usr/bin/grep -E'
EXEEXT=''
F77=''
FFLAGS=''
GREP='/usr/bin/grep'
HAVE_CSOUND4_FALSE=''
HAVE_CSOUND4_TRUE='#'
HAVE_CSOUND5_FALSE=''
HAVE_CSOUND5_TRUE='#'
HAVE_CSOUND_FALSE=''
HAVE_CSOUND_TRUE='#'
HAVE_DOXYGEN_FALSE=''
HAVE_DOXYGEN_TRUE='#'
HAVE_SWIG_FALSE='#'
HAVE_SWIG_TRUE=''
INSTALL_DATA='${INSTALL} -m 644'
INSTALL_PROGRAM='${INSTALL}'
INSTALL_SCRIPT='${INSTALL}'
INSTALL_STRIP_PROGRAM='$(install_sh) -c -s'
LDFLAGS=''
LIBOBJS=''
LIBS=''
LIBTOOL='$(SHELL) $(top_builddir)/libtool'
LIBTOOL_DEPS='config/ltmain.sh'
LINK_FFTW=''
LN_S='ln -s'
LORIS_MAJOR_VERSION='1'
LORIS_MINOR_VERSION='8'
LORIS_SUBMINOR_VERSION=''
LORIS_VERSION_STR='Loris 1.8'
LTLIBOBJS=''
MAKEINFO='${SHELL} /Users/manuel/Github/loris/config/missing --run makeinfo'
MKDIR_P='config/install-sh -c -d'
NMEDIT='nmedit'
OBJEXT='o'
PACKAGE='loris'
PACKAGE_BUGREPORT='loris@cerlsoundgroup.org'
PACKAGE_NAME='Loris'
PACKAGE_STRING='Loris 1.8'
PACKAGE_TARNAME='loris'
PACKAGE_VERSION='1.8'
PATH_SEPARATOR=':'
PYFLAGS='-I/usr/include/python2.7'
PYTHON='/usr/bin/python'
PYTHON_EXEC_PREFIX='${exec_prefix}'
PYTHON_PLATFORM='darwin'
PYTHON_PREFIX='${prefix}'
PYTHON_VERSION='2.7'
RANLIB='ranlib'
SED='/usr/bin/sed'
SET_MAKE=''
SHELL='/bin/sh'
STRIP='strip'
SWIG='/usr/local/bin/swig'
VERSION='1.8'
ac_aux_dir='config'
ac_ct_CC='gcc'
ac_ct_CXX='g++'
ac_ct_F77=''
am__EXEEXT_FALSE=''
am__EXEEXT_TRUE='#'
am__fastdepCC_FALSE='#'
am__fastdepCC_TRUE=''
am__fastdepCXX_FALSE='#'
am__fastdepCXX_TRUE=''
am__include='include'
am__isrc=''
am__leading_dot='.'
am__quote=''
am__tar='${AMTAR} chof - "$$tardir"'
am__untar='${AMTAR} xf -'
bindir='/Users/manuel/Github/loris/scripts'
build='x86_64-apple-darwin18.7.0'
build_alias=''
build_cpu='x86_64'
build_os='darwin18.7.0'
build_vendor='apple'
datadir='${datarootdir}'
datarootdir='${prefix}/share'
docdir='${datarootdir}/doc/${PACKAGE_TARNAME}'
dvidir='${docdir}'
exec_prefix='${prefix}'
host='x86_64-apple-darwin18.7.0'
host_alias=''
host_cpu='x86_64'
host_os='darwin18.7.0'
host_vendor='apple'
htmldir='${docdir}'
includedir='${prefix}/include'
infodir='${datarootdir}/info'
install_sh='${SHELL} /Users/manuel/Github/loris/config/install-sh'
libdir='${exec_prefix}/lib'
libexecdir='${exec_prefix}/libexec'
localedir='${datarootdir}/locale'
localstatedir='${prefix}/var'
mandir='${datarootdir}/man'
mkdir_p='$(top_builddir)/config/install-sh -c -d'
oldincludedir='/usr/include'
pdfdir='${docdir}'
pkgpyexecdir='${pyexecdir}/loris'
pkgpythondir='${pythondir}/loris'
prefix='/usr/local'
program_transform_name='s,x,x,'
psdir='${docdir}'
pyexecdir='${exec_prefix}/lib/python2.7/site-packages'
pythondir='${prefix}/lib/python2.7/site-packages'
sbindir='${exec_prefix}/sbin'
sharedstatedir='${prefix}/com'
sysconfdir='${prefix}/etc'
target_alias=''

## ----------- ##
## confdefs.h. ##
## ----------- ##

#define PACKAGE_NAME "Loris"
#define PACKAGE_TARNAME "loris"
#define PACKAGE_VERSION "1.8"
#define PACKAGE_STRING "Loris 1.8"
#define PACKAGE_BUGREPORT "loris@cerlsoundgroup.org"
#define PACKAGE "loris"
#define VERSION "1.8"
#define STDC_HEADERS 1
#define HAVE_SYS_TYPES_H 1
#define HAVE_SYS_STAT_H 1
#define HAVE_STDLIB_H 1
#define HAVE_STRING_H 1
#define HAVE_MEMORY_H 1
#define HAVE_STRINGS_H 1
#define HAVE_INTTYPES_H 1
#define HAVE_STDINT_H 1
#define HAVE_UNISTD_H 1
#define HAVE_DLFCN_H 1
#define SIZEOF_BOOL 1
#define SIZEOF_CHAR 1
#define SIZEOF_SHORT 2
#define SIZEOF_INT 4
#define SIZEOF_LONG 8
#define SIZEOF_INT_P 8
#define SIZEOF_SIZE_T 8
#define SIZEOF_FLOAT 4
#define SIZEOF_DOUBLE 8
#define HAVE_ISFINITE 1
#define HAVE_M_PI 1
#define HAVE_PYTHON_H 1

configure: exit 0
